Interpolating over fill values in B.
Interpolated over 0 of 259200 points in B_1
Interpolated over 0 of 259200 points in B_2
Interpolated over 0 of 259200 points in B_3
Interpolating over fill values in E.
Interpolated over 0 of 259200 points in E_1
Interpolated over 0 of 259200 points in E_2
Interpolating over fill values in B.
Interpolated over 0 of 259200 points in B_1
Interpolated over 0 of 259200 points in B_2
Interpolated over 0 of 259200 points in B_3
   Interpolating over fill values in E.
Interpolated over 0 of 259200 points in E_1
Interpolated over 0 of 259200 points in E_2
{Attempted to access X(1); index out of bounds because numel(X)=0.

Error in <a href="matlab:matlab.internal.language.introspective.errorDocCallback('interp1', '/usr/local/MATLAB/R2015a/toolbox/matlab/polyfun/interp1.p', 153)" style="font-weight:bold">interp1</a> (<a href="matlab: opentoline('/usr/local/MATLAB/R2015a/toolbox/matlab/polyfun/interp1.p',153,0)">line 153</a>)
        extptids = Xq < X(1) | Xq > X(end);

Error in <a href="matlab:matlab.internal.language.introspective.errorDocCallback('prepEB', '/home/weigel/git/m-rsw/gic/JMA/prepEB.m', 84)" style="font-weight:bold">prepEB</a> (<a href="matlab: opentoline('/home/weigel/git/m-rsw/gic/JMA/prepEB.m',84,0)">line 84</a>)
    Ei(:,i) = interp1(tg,Eg,ti);

Error in <a href="matlab:matlab.internal.language.introspective.errorDocCallback('main', '/home/weigel/git/m-rsw/gic/JMA/main.m', 4)" style="font-weight:bold">main</a> (<a href="matlab: opentoline('/home/weigel/git/m-rsw/gic/JMA/main.m',4,0)">line 4</a>)
[tE,E,tB,B] = prepEB('second');
} 
    mainmain
{Undefined function or variable 'mainmain'.
} 
main
Interpolating over fill values in B.
Interpolated over 0 of 259200 points in B_1
Interpolated over 0 of 259200 points in B_2
Interpolated over 0 of 259200 points in B_3
Interpolating over fill values in E.
Interpolated over 0 of 259200 points in E_1
Interpolated over 0 of 259200 points in E_2
