This is pdfTeX, Version 3.1415926-2.5-1.40.14 (TeX Live 2013/Debian) (format=latex 2015.9.1)  3 FEB 2017 10:16
entering extended mode
 restricted \write18 enabled.
 %&-line parsing enabled.
**text.tex
(./text.tex
LaTeX2e <2011/06/27>
Babel <3.9h> and hyphenation patterns for 2 languages loaded.
(/usr/share/texlive/texmf-dist/tex/latex/base/article.cls
Document Class: article 2007/10/19 v1.4h Standard LaTeX document class
(/usr/share/texlive/texmf-dist/tex/latex/base/size12.clo
File: size12.clo 2007/10/19 v1.4h Standard LaTeX file (size option)
)
\c@part=\count79
\c@section=\count80
\c@subsection=\count81
\c@subsubsection=\count82
\c@paragraph=\count83
\c@subparagraph=\count84
\c@figure=\count85
\c@table=\count86
\abovecaptionskip=\skip41
\belowcaptionskip=\skip42
\bibindent=\dimen102
)
(/usr/share/texlive/texmf-dist/tex/latex/natbib/natbib.sty
Package: natbib 2010/09/13 8.31b (PWD, AO)
\bibhang=\skip43
\bibsep=\skip44
LaTeX Info: Redefining \cite on input line 694.
\c@NAT@ctr=\count87
)
(/usr/share/texlive/texmf-dist/tex/latex/graphics/epsfig.sty
Package: epsfig 1999/02/16 v1.7a (e)psfig emulation (SPQR)

(/usr/share/texlive/texmf-dist/tex/latex/graphics/graphicx.sty
Package: graphicx 1999/02/16 v1.0f Enhanced LaTeX Graphics (DPC,SPQR)

(/usr/share/texlive/texmf-dist/tex/latex/graphics/keyval.sty
Package: keyval 1999/03/16 v1.13 key=value parser (DPC)
\KV@toks@=\toks14
)
(/usr/share/texlive/texmf-dist/tex/latex/graphics/graphics.sty
Package: graphics 2009/02/05 v1.0o Standard LaTeX Graphics (DPC,SPQR)

(/usr/share/texlive/texmf-dist/tex/latex/graphics/trig.sty
Package: trig 1999/03/16 v1.09 sin cos tan (DPC)
)
(/usr/share/texlive/texmf-dist/tex/latex/latexconfig/graphics.cfg
File: graphics.cfg 2010/04/23 v1.9 graphics configuration of TeX Live
)
Package graphics Info: Driver file: dvips.def on input line 91.

(/usr/share/texlive/texmf-dist/tex/latex/graphics/dvips.def
File: dvips.def 1999/02/16 v3.0i Driver-dependant file (DPC,SPQR)
))
\Gin@req@height=\dimen103
\Gin@req@width=\dimen104
)
\epsfxsize=\dimen105
\epsfysize=\dimen106
)
(./style/lineno.sty

LaTeX Warning: You have requested package `style/lineno',
               but the package provides `lineno'.

Package: lineno 2005/11/02 line numbers on paragraphs v4.41
\linenopenalty=\count88
\output=\toks15
\linenoprevgraf=\count89
\linenumbersep=\dimen107
\linenumberwidth=\dimen108
\c@linenumber=\count90
\c@pagewiselinenumber=\count91
\c@LN@truepage=\count92
\c@internallinenumber=\count93
\c@internallinenumbers=\count94
\quotelinenumbersep=\dimen109
\bframerule=\dimen110
\bframesep=\dimen111
\bframebox=\box26
LaTeX Info: Redefining \\ on input line 3056.
) (/usr/share/texlive/texmf-dist/tex/latex/amsmath/amsmath.sty
Package: amsmath 2013/01/14 v2.14 AMS math features
\@mathmargin=\skip45

For additional information on amsmath, use the `?' option.
(/usr/share/texlive/texmf-dist/tex/latex/amsmath/amstext.sty
Package: amstext 2000/06/29 v2.01

(/usr/share/texlive/texmf-dist/tex/latex/amsmath/amsgen.sty
File: amsgen.sty 1999/11/30 v2.0
\@emptytoks=\toks16
\ex@=\dimen112
))
(/usr/share/texlive/texmf-dist/tex/latex/amsmath/amsbsy.sty
Package: amsbsy 1999/11/29 v1.2d
\pmbraise@=\dimen113
)
(/usr/share/texlive/texmf-dist/tex/latex/amsmath/amsopn.sty
Package: amsopn 1999/12/14 v2.01 operator names
)
\inf@bad=\count95
LaTeX Info: Redefining \frac on input line 210.
\uproot@=\count96
\leftroot@=\count97
LaTeX Info: Redefining \overline on input line 306.
\classnum@=\count98
\DOTSCASE@=\count99
LaTeX Info: Redefining \ldots on input line 378.
LaTeX Info: Redefining \dots on input line 381.
LaTeX Info: Redefining \cdots on input line 466.
\Mathstrutbox@=\box27
\strutbox@=\box28
\big@size=\dimen114
LaTeX Font Info:    Redeclaring font encoding OML on input line 566.
LaTeX Font Info:    Redeclaring font encoding OMS on input line 567.
\macc@depth=\count100
\c@MaxMatrixCols=\count101
\dotsspace@=\muskip10
\c@parentequation=\count102
\dspbrk@lvl=\count103
\tag@help=\toks17
\row@=\count104
\column@=\count105
\maxfields@=\count106
\andhelp@=\toks18
\eqnshift@=\dimen115
\alignsep@=\dimen116
\tagshift@=\dimen117
\tagwidth@=\dimen118
\totwidth@=\dimen119
\lineht@=\dimen120
\@envbody=\toks19
\multlinegap=\skip46
\multlinetaggap=\skip47
\mathdisplay@stack=\toks20
LaTeX Info: Redefining \[ on input line 2665.
LaTeX Info: Redefining \] on input line 2666.
)
(/usr/share/texlive/texmf-dist/tex/latex/subfig/subfig.sty
Package: subfig 2005/06/28 ver: 1.3 subfig package

(/usr/share/texlive/texmf-dist/tex/latex/caption/caption.sty
Package: caption 2013/05/02 v3.3-89 Customizing captions (AR)

(/usr/share/texlive/texmf-dist/tex/latex/caption/caption3.sty
Package: caption3 2013/05/02 v1.6-88 caption3 kernel (AR)
Package caption3 Info: TeX engine: e-TeX on input line 57.
\captionmargin=\dimen121
\captionmargin@=\dimen122
\captionwidth=\dimen123
\caption@tempdima=\dimen124
\caption@indent=\dimen125
\caption@parindent=\dimen126
\caption@hangindent=\dimen127
)
\c@ContinuedFloat=\count107
)
\c@KVtest=\count108
\sf@farskip=\skip48
\sf@captopadj=\dimen128
\sf@capskip=\skip49
\sf@nearskip=\skip50
\c@subfigure=\count109
\c@subfigure@save=\count110
\c@lofdepth=\count111
\c@subtable=\count112
\c@subtable@save=\count113
\c@lotdepth=\count114
\sf@top=\skip51
\sf@bottom=\skip52
)
(/usr/share/texlive/texmf-dist/tex/latex/setspace/setspace.sty
Package: setspace 2011/12/19 v6.7a set line spacing
)
(/usr/share/texlive/texmf-dist/tex/latex/fancyhdr/fancyhdr.sty
\fancy@headwidth=\skip53
\f@ncyO@elh=\skip54
\f@ncyO@erh=\skip55
\f@ncyO@olh=\skip56
\f@ncyO@orh=\skip57
\f@ncyO@elf=\skip58
\f@ncyO@erf=\skip59
\f@ncyO@olf=\skip60
\f@ncyO@orf=\skip61
) (./text.aux)
\openout1 = `text.aux'.

LaTeX Font Info:    Checking defaults for OML/cmm/m/it on input line 43.
LaTeX Font Info:    ... okay on input line 43.
LaTeX Font Info:    Checking defaults for T1/cmr/m/n on input line 43.
LaTeX Font Info:    ... okay on input line 43.
LaTeX Font Info:    Checking defaults for OT1/cmr/m/n on input line 43.
LaTeX Font Info:    ... okay on input line 43.
LaTeX Font Info:    Checking defaults for OMS/cmsy/m/n on input line 43.
LaTeX Font Info:    ... okay on input line 43.
LaTeX Font Info:    Checking defaults for OMX/cmex/m/n on input line 43.
LaTeX Font Info:    ... okay on input line 43.
LaTeX Font Info:    Checking defaults for U/cmr/m/n on input line 43.
LaTeX Font Info:    ... okay on input line 43.
Package caption Info: Begin \AtBeginDocument code.
Package caption Info: subfig package v1.3 is loaded.
Package caption Info: End \AtBeginDocument code.

[1

]

Package Fancyhdr Warning: \headheight is too small (7.22743pt): 
 Make it at least 14.49998pt.
 We now make it that large for the rest of the document.
 This may cause the page layout to be inconsistent, however.

[2] [3] [4] [5] [6] [7] [8] [9] [10] [11]
Overfull \hbox (1.13321pt too wide) in paragraph at lines 185--186
\OT1/cmr/m/n/12 http://ds.iris.edu/ds/nodes/dmc/earthscope/usarray/ and the $\O
ML/cmm/m/it/12 Kp$ \OT1/cmr/m/n/12 val-ues were ob-tained from
 []

[12] (./text.bbl [13

] [14]
Underfull \hbox (badness 1067) in paragraph at lines 121--126
[]\OT1/cmr/m/n/12 Schultz, A., G. D. Eg-bert, A. Kel-bert, T. Peery, V. Clote, 
B. Fry, S. Ero-feeva,
 []


Underfull \hbox (badness 2512) in paragraph at lines 121--126
\OT1/cmr/m/n/12 2018) (2016. Re-trieved from the IRIS database on May 3rd, 2016
), US-Ar-ray
 []

[15]) [16] (./tables/UTP17.txt) (./tables/GAA54.txt) (./tables/ORF03.txt)
(./tables/RET54.txt) [17]
File: ../data/iris/UTP17/figures/mainPlot_UTP17_Error_Spectrum_All_Paper_Ex_inp
ut-dB_dim-2_hp-10000_2011-06-09-2011-06-12.eps Graphic file (type eps)

<../data/iris/UTP17/figures/mainPlot_UTP17_Error_Spectrum_All_Paper_Ex_input-dB
_dim-2_hp-10000_2011-06-09-2011-06-12.eps>
File: ../data/iris/GAA54/figures/mainPlot_GAA54_Error_Spectrum_All_Paper_Ex_inp
ut-dB_dim-2_hp-10000_2015-09-13-2015-09-16.eps Graphic file (type eps)

<../data/iris/GAA54/figures/mainPlot_GAA54_Error_Spectrum_All_Paper_Ex_input-dB
_dim-2_hp-10000_2015-09-13-2015-09-16.eps>
File: ../data/iris/ORF03/figures/mainPlot_ORF03_Error_Spectrum_All_Paper_Ex_inp
ut-dB_dim-2_hp-10000_2007-08-31-2007-09-03.eps Graphic file (type eps)

<../data/iris/ORF03/figures/mainPlot_ORF03_Error_Spectrum_All_Paper_Ex_input-dB
_dim-2_hp-10000_2007-08-31-2007-09-03.eps>
File: ../data/iris/RET54/figures/mainPlot_RET54_Error_Spectrum_All_Paper_Ex_inp
ut-dB_dim-2_hp-10000_2015-12-09-2015-12-12.eps Graphic file (type eps)

<../data/iris/RET54/figures/mainPlot_RET54_Error_Spectrum_All_Paper_Ex_input-dB
_dim-2_hp-10000_2015-12-09-2015-12-12.eps> [18]
File: ../data/iris/UTP17/figures/mainPlot_UTP17_input-dB_dim-2_hp-10000_Ex_pred
icted_Combined_Paper_2011-06-09-2011-06-12.eps Graphic file (type eps)

<../data/iris/UTP17/figures/mainPlot_UTP17_input-dB_dim-2_hp-10000_Ex_predicted
_Combined_Paper_2011-06-09-2011-06-12.eps>

LaTeX Warning: Float too large for page by 4.21571pt on input line 244.


LaTeX Warning: `h' float specifier changed to `ht'.

[19]
File: ../data/iris/GAA54/figures/mainPlot_GAA54_input-dB_dim-2_hp-10000_Ex_pred
icted_Combined_Paper_2015-09-13-2015-09-16.eps Graphic file (type eps)

<../data/iris/GAA54/figures/mainPlot_GAA54_input-dB_dim-2_hp-10000_Ex_predicted
_Combined_Paper_2015-09-13-2015-09-16.eps>

LaTeX Warning: `h' float specifier changed to `ht'.

[20]
File: ../data/iris/ORF03/figures/mainPlot_ORF03_input-dB_dim-2_hp-10000_Ex_pred
icted_Combined_Paper_2007-08-31-2007-09-03.eps Graphic file (type eps)

<../data/iris/ORF03/figures/mainPlot_ORF03_input-dB_dim-2_hp-10000_Ex_predicted
_Combined_Paper_2007-08-31-2007-09-03.eps>

LaTeX Warning: `h' float specifier changed to `ht'.

[21]
File: ../data/iris/RET54/figures/mainPlot_RET54_input-dB_dim-2_hp-10000_Ex_pred
icted_Combined_Paper_2015-12-09-2015-12-12.eps Graphic file (type eps)

<../data/iris/RET54/figures/mainPlot_RET54_input-dB_dim-2_hp-10000_Ex_predicted
_Combined_Paper_2015-12-09-2015-12-12.eps>

LaTeX Warning: `h' float specifier changed to `ht'.

[22] (./text.aux) ) 
Here is how much of TeX's memory you used:
 3210 strings out of 495029
 47684 string characters out of 6181524
 113749 words of memory out of 5000000
 6396 multiletter control sequences out of 15000+600000
 12649 words of font info for 45 fonts, out of 8000000 for 9000
 14 hyphenation exceptions out of 8191
 44i,15n,47p,1375b,364s stack positions out of 5000i,500n,10000p,200000b,80000s

Output written on text.dvi (22 pages, 55076 bytes).
