mktextfm ecrm1000
mktextfm t1xr
mktextfm t1xr
mktextfm t1xb
mktextfm t1xr
mktextfm t1xr
mktextfm t1xr
mktextfm t1xr
mktextfm t1xtt
mktextfm t1xb
mktextfm t1xr
mktextfm t1xr
mktextfm t1xi
mktextfm t1xr
mktextfm t1xb
mktextfm t1xb
mktextfm nullfont
mktextfm t1xb
mktextfm nullfont
mktextfm t1xb
mktextfm nullfont
mktextfm t1xb
mktextfm ecrm1000
mktextfm t1xr
mktextfm t1xr
mktextfm t1xb
mktextfm t1xr
mktextfm ecrm0500
mktextfm t1xr
mktextfm t1xr
mktextfm t1xr
mktextfm ecrm0500
mktextfm t1xr
mktextfm t1xtt
mktextfm t1xb
mktextfm t1xr
mktextfm t1xi
mktextfm t1xr
mktextfm t1xb
mktextfm t1xb
mktextfm nullfont
mktextfm t1xb
mktextfm nullfont
mktextfm t1xb
mktextfm nullfont
mktextfm t1xb
